"2020-11-18 15:22:21 [restartedMain] INFO  c.e.s.SpringComputerApplication - Starting SpringComputerApplication on DESKTOP-D07PBJ6 with PID 15028 (E:\worksprog\labs\target\classes started by user in E:\worksprog\labs)
""2020-11-18 15:22:21 [restartedMain] INFO  c.e.s.SpringComputerApplication - No active profile set, falling back to default profiles: default
""2020-11-18 15:22:21 [restartedMain] INFO  o.s.b.d.e.DevToolsPropertyDefaultsPostProcessor - Devtools property defaults active! Set 'spring.devtools.add-properties' to 'false' to disable
""2020-11-18 15:22:21 [restartedMain] INFO  o.s.b.d.e.DevToolsPropertyDefaultsPostProcessor - For additional web related logging consider setting the 'logging.level.web' property to 'DEBUG'
""2020-11-18 15:22:23 [restartedMain] INFO  o.s.d.r.c.RepositoryConfigurationDelegate - Bootstrapping Spring Data JPA repositories in DEFERRED mode.
""2020-11-18 15:22:23 [restartedMain] INFO  o.s.d.r.c.RepositoryConfigurationDelegate - Finished Spring Data repository scanning in 27ms. Found 0 JPA repository interfaces.
""2020-11-18 15:22:24 [restartedMain] INFO  o.s.b.w.e.tomcat.TomcatWebServer - Tomcat initialized with port(s): 8080 (http)
""2020-11-18 15:22:24 [restartedMain] INFO  o.a.catalina.core.StandardService - Starting service [Tomcat]
""2020-11-18 15:22:24 [restartedMain] INFO  o.a.catalina.core.StandardEngine - Starting Servlet engine: [Apache Tomcat/9.0.38]
""2020-11-18 15:22:24 [restartedMain] INFO  o.a.c.c.C.[Tomcat].[localhost].[/] - Initializing Spring embedded WebApplicationContext
""2020-11-18 15:22:24 [restartedMain] INFO  o.s.b.w.s.c.ServletWebServerApplicationContext - Root WebApplicationContext: initialization completed in 3318 ms
""2020-11-18 15:22:24 [restartedMain] INFO  com.zaxxer.hikari.HikariDataSource - HikariPool-1 - Starting...
""2020-11-18 15:22:25 [restartedMain] INFO  com.zaxxer.hikari.HikariDataSource - HikariPool-1 - Start completed.
""2020-11-18 15:22:25 [restartedMain] INFO  o.s.b.a.h.H2ConsoleAutoConfiguration - H2 console available at '/h2-console'. Database available at 'jdbc:h2:mem:c0e7e2de-5cb2-4f71-98b4-93e50a6c91d7'
""2020-11-18 15:22:25 [restartedMain] INFO  o.s.s.c.ThreadPoolTaskExecutor - Initializing ExecutorService 'applicationTaskExecutor'
""2020-11-18 15:22:25 [task-1] INFO  o.h.jpa.internal.util.LogHelper - HHH000204: Processing PersistenceUnitInfo [name: default]
""2020-11-18 15:22:25 [restartedMain] WARN  o.s.b.a.o.j.JpaBaseConfiguration$JpaWebConfiguration - spring.jpa.open-in-view is enabled by default. Therefore, database queries may be performed during view rendering. Explicitly configure spring.jpa.open-in-view to disable this warning
""2020-11-18 15:22:25 [task-1] INFO  org.hibernate.Version - HHH000412: Hibernate ORM core version 5.4.21.Final
""2020-11-18 15:22:25 [task-1] INFO  o.h.annotations.common.Version - HCANN000001: Hibernate Commons Annotations {5.1.0.Final}
""2020-11-18 15:22:26 [restartedMain] INFO  o.s.b.a.w.s.WelcomePageHandlerMapping - Adding welcome page template: index
""2020-11-18 15:22:26 [task-1] INFO  org.hibernate.dialect.Dialect - HHH000400: Using dialect: org.hibernate.dialect.H2Dialect
""2020-11-18 15:22:26 [restartedMain] INFO  o.s.b.d.a.OptionalLiveReloadServer - LiveReload server is running on port 35729
""2020-11-18 15:22:26 [restartedMain] INFO  o.s.b.w.e.tomcat.TomcatWebServer - Tomcat started on port(s): 8080 (http) with context path ''
""2020-11-18 15:22:26 [restartedMain] INFO  o.s.d.r.c.DeferredRepositoryInitializationListener - Triggering deferred initialization of Spring Data repositories…
""2020-11-18 15:22:26 [restartedMain] INFO  o.s.d.r.c.DeferredRepositoryInitializationListener - Spring Data repositories initialized!
""2020-11-18 15:22:26 [restartedMain] INFO  c.e.s.SpringComputerApplication - Started SpringComputerApplication in 6.639 seconds (JVM running for 11.468)
""2020-11-18 15:22:26 [task-1] INFO  o.h.e.t.j.p.i.JtaPlatformInitiator - HHH000490: Using JtaPlatform implementation: [org.hibernate.engine.transaction.jta.platform.internal.NoJtaPlatform]
""2020-11-18 15:22:26 [task-1] INFO  o.s.o.j.LocalContainerEntityManagerFactoryBean - Initialized JPA EntityManagerFactory for persistence unit 'default'
""2020-11-18 15:23:18 [http-nio-8080-exec-1] INFO  o.a.c.c.C.[Tomcat].[localhost].[/] - Initializing Spring DispatcherServlet 'dispatcherServlet'
""2020-11-18 15:23:18 [http-nio-8080-exec-1] INFO  c.e.s.controller.ComputerController - /index was called
""2020-11-18 15:23:33 [http-nio-8080-exec-7] INFO  c.e.s.controller.ComputerController - /autorizationUser(Id=2, Login=helich, Password=1234)
"